2022-11-29 12:35:20.693 +01:00 [Information] [] Application started...
2022-11-29 12:35:21.068 +01:00 [Information] [Bsci.FlowModulation.Services.FFRLink.FFRLinkService] "SPM:FFR3" - "SPM:FFR3 - SPM Connect is requested: Name:SPM:FFR3 Device Id:0080E1B742E5"
2022-11-29 12:35:21.068 +01:00 [Information] [Bsci.FlowModulation.Services.FFRLink.FFRLinkService] "SPM:FFR1" - "SPM:FFR1 - SPM Connect is requested: Name:SPM:FFR1 Device Id:0080E1B8184F"
2022-11-29 12:35:21.068 +01:00 [Information] [Bsci.FlowModulation.Services.FFRLink.FFRLinkService] "SPM:FFR2" - "SPM:FFR2 - SPM Connect is requested: Name:SPM:FFR2 Device Id:0080E1B7F0F1"
2022-11-29 12:35:21.068 +01:00 [Information] [Bsci.FlowModulation.Services.FFRLink.FFRLinkService] "SPM:FFR4" - "SPM:FFR4 - SPM Connect is requested: Name:SPM:FFR4 Device Id:0080E1B7F2CD"
2022-11-29 12:35:21.099 +01:00 [Information] [Bsci.FlowModulation.Services.SyringePump.SyringePumpService] Open connection, COM port = "COM5"
2022-11-29 12:35:21.099 +01:00 [Warning] [Bsci.FlowModulation.Services.SyringePump.SyringePumpService] Cannot stop tracking infusion volume, not initialized : Pump1
2022-11-29 12:35:21.115 +01:00 [Information] [Bsci.FlowModulation.Services.SyringePump.SyringePumpService] Tracking infusion volume de-initialized : Pump1
2022-11-29 12:35:21.115 +01:00 [Warning] [Bsci.FlowModulation.Services.SyringePump.SyringePumpService] Cannot stop tracking infusion volume, not initialized : Pump2
2022-11-29 12:35:21.115 +01:00 [Information] [Bsci.FlowModulation.Services.SyringePump.SyringePumpService] Tracking infusion volume de-initialized : Pump2
2022-11-29 12:35:21.115 +01:00 [Information] [SyringePump.Serial.SerialDevice] Port name is changed - "COM5"
2022-11-29 12:35:21.115 +01:00 [Information] [SyringePump.Serial.SerialDevice] Baud rate is changed - 115200
2022-11-29 12:35:21.115 +01:00 [Information] [SyringePump.Serial.SerialDevice] Serial port is open
2022-11-29 12:35:21.115 +01:00 [Information] [Bsci.FlowModulation.Services.SyringePump.SyringePumpService] Connection state changed : Open
2022-11-29 12:35:24.239 +01:00 [Information] [Bsci.FlowModulation.Services.FFRLink.FFRLinkService] "SPM:FFR1" - "SPM:FFR1 - Connect returned with callback."
2022-11-29 12:35:24.239 +01:00 [Information] [Bsci.FlowModulation.Services.FFRLink.FFRLinkService] "SPM:FFR1" - "SPM:FFR1 - Reading the initial response from socket after connect request."
2022-11-29 12:35:25.052 +01:00 [Debug] [SyringePump.Executor.CommandExecutor] Command added to the queue : "read limit parameter 0" (1)
2022-11-29 12:35:25.052 +01:00 [Debug] [SyringePump.Executor.CommandExecutor] Command added to the queue : "read limit parameter 0" (2)
2022-11-29 12:35:25.067 +01:00 [Debug] [SyringePump.Serial.SerialDevice] Sending bytes : "31-20-72-65-61-64-20-6C-69-6D-69-74-20-70-61-72-61-6D-65-74-65-72-20-30-0D-0A"
2022-11-29 12:35:25.067 +01:00 [Debug] [SyringePump.Serial.SerialDevice] Bytes received : "31-20-72-65-61-64-20-6C-69-6D-69-74-20-70-61-72-61-6D-65-74-65-72-20-30-0D-0A-39-39-2E-39-32-34"
2022-11-29 12:35:25.067 +01:00 [Debug] [SyringePump.Serial.SerialDevice] Bytes received : "32-20-30-2E-30-30-30-31-20-38-34-2E-31-31-31-32-20-30-2E-30-31-31-32-0D-0A-3E"
2022-11-29 12:35:25.083 +01:00 [Debug] [SyringePump.Serial.SerialDevice] Sending bytes : "32-20-72-65-61-64-20-6C-69-6D-69-74-20-70-61-72-61-6D-65-74-65-72-20-30-0D-0A"
2022-11-29 12:35:25.083 +01:00 [Debug] [SyringePump.Serial.SerialDevice] Bytes received : "32-20-72-65-61-64-20-6C-69-6D-69-74-20-70-61-72-61-6D-65-74-65-72-20-30-0D-0A"
2022-11-29 12:35:25.083 +01:00 [Debug] [SyringePump.Serial.SerialDevice] Bytes received : "39-39-2E-39-32-34-32-20-30-2E-30-30-30-31-20-38-34-2E-31-31-31-32-20-30-2E-30-31-31-32-0D-0A-3E"
2022-11-29 12:35:25.130 +01:00 [Information] [Bsci.FlowModulation.Services.FFRLink.FFRLinkService] "SPM:FFR1" - "SPM:FFR1 - FFRLink Zeroing Complete Event called"
2022-11-29 12:35:26.145 +01:00 [Information] [Bsci.FlowModulation.Services.FFRLink.FFRLinkService] "SPM:FFR1" - "SPM:FFR1 - Successfully connected"
2022-11-29 12:35:26.817 +01:00 [Information] [Bsci.FlowModulation.Services.FFRLink.FFRLinkService] "SPM:FFR3" - "SPM:FFR3 - Connect returned with callback."
2022-11-29 12:35:26.817 +01:00 [Information] [Bsci.FlowModulation.Services.FFRLink.FFRLinkService] "SPM:FFR3" - "SPM:FFR3 - Reading the initial response from socket after connect request."
2022-11-29 12:35:27.083 +01:00 [Information] [Bsci.FlowModulation.Services.FFRLink.FFRLinkService] "SPM:FFR3" - "SPM:FFR3 - FFRLink Zeroing Complete Event called"
2022-11-29 12:35:28.114 +01:00 [Information] [Bsci.FlowModulation.Services.FFRLink.FFRLinkService] "SPM:FFR3" - "SPM:FFR3 - Successfully connected"
2022-11-29 12:35:29.441 +01:00 [Information] [Bsci.FlowModulation.Services.FFRLink.FFRLinkService] "SPM:FFR2" - "SPM:FFR2 - Connect returned with callback."
2022-11-29 12:35:29.441 +01:00 [Information] [Bsci.FlowModulation.Services.FFRLink.FFRLinkService] "SPM:FFR2" - "SPM:FFR2 - Reading the initial response from socket after connect request."
2022-11-29 12:35:29.723 +01:00 [Information] [Bsci.FlowModulation.Services.FFRLink.FFRLinkService] "SPM:FFR2" - "SPM:FFR2 - FFRLink Zeroing Complete Event called"
2022-11-29 12:35:30.738 +01:00 [Information] [Bsci.FlowModulation.Services.FFRLink.FFRLinkService] "SPM:FFR2" - "SPM:FFR2 - Successfully connected"
2022-11-29 12:35:42.252 +01:00 [Information] [Bsci.FlowModulation.NavigationPanel.NavigationPanelViewModel] Settings page opened
2022-11-29 12:35:43.377 +01:00 [Information] [Bsci.FlowModulation.Settings.SettingsPageViewModel] FFR Link removed: "SPM:FFR4"
2022-11-29 12:35:43.424 +01:00 [Information] [Bsci.FlowModulation.Services.FFRLink.FFRLinkService] Remove pressure sensor executed DeviceId="0080E1B7F2CD"
2022-11-29 12:35:43.439 +01:00 [Information] [Bsci.FlowModulation.Services.FFRLink.FFRLinkService] "SPM:FFR4" - "SPM:FFR4 - Terminating..."
2022-11-29 12:35:43.439 +01:00 [Information] [Bsci.FlowModulation.Services.FFRLink.FFRLinkService] "SPM:FFR4" - "SPM:FFR4 - SPM Disconnect is requested."
2022-11-29 12:35:43.439 +01:00 [Information] [Bsci.FlowModulation.Services.FFRLink.FFRLinkService] FFR Link discovery service started
2022-11-29 12:35:43.439 +01:00 [Information] [Bsci.FlowModulation.Services.FFRLink.FFRLinkService] Searching for FFR links...
2022-11-29 12:35:53.702 +01:00 [Information] [Bsci.FlowModulation.Services.FFRLink.FFRLinkService] FFR Links discovered: ["SPM:FFR1", "SPM:FFR3", "SPM:FFR2", "SPM:FFR4"]
2022-11-29 12:35:57.374 +01:00 [Information] [Bsci.FlowModulation.Settings.SettingsPageViewModel] FFR Link added: "SPM:FFR4"
2022-11-29 12:35:57.374 +01:00 [Information] [Bsci.FlowModulation.Services.FFRLink.FFRLinkService] Add pressure sensor executed Name="SPM:FFR4", DeviceId="0080E1B7F2CD"
2022-11-29 12:35:57.374 +01:00 [Information] [Bsci.FlowModulation.Services.FFRLink.FFRLinkService] "SPM:FFR4" - "SPM:FFR4 - SPM Connect is requested: Name:SPM:FFR4 Device Id:0080E1B7F2CD"
2022-11-29 12:35:57.374 +01:00 [Information] [Bsci.FlowModulation.Services.FFRLink.FFRLinkService] FFR Link discovery service paused
2022-11-29 12:35:58.780 +01:00 [Information] [Bsci.FlowModulation.NavigationPanel.NavigationPanelViewModel] Settings page closed
2022-11-29 12:36:00.092 +01:00 [Information] [Bsci.FlowModulation.Services.FFRLink.FFRLinkService] "SPM:FFR4" - "SPM:FFR4 - is paired? True"
2022-11-29 12:36:00.233 +01:00 [Information] [Bsci.FlowModulation.Services.FFRLink.FFRLinkService] "SPM:FFR4" - "SPM:FFR4 - Connect returned with callback."
2022-11-29 12:36:00.233 +01:00 [Information] [Bsci.FlowModulation.Services.FFRLink.FFRLinkService] "SPM:FFR4" - "SPM:FFR4 - Reading the initial response from socket after connect request."
2022-11-29 12:36:00.389 +01:00 [Information] [Bsci.FlowModulation.Services.FFRLink.FFRLinkService] "SPM:FFR4" - "SPM:FFR4 - FFRLink Zeroing Complete Event called"
2022-11-29 12:36:01.436 +01:00 [Information] [Bsci.FlowModulation.Services.FFRLink.FFRLinkService] "SPM:FFR4" - "SPM:FFR4 - Successfully connected"
2022-11-29 12:36:12.543 +01:00 [Information] [Bsci.FlowModulation.NavigationPanel.NavigationPanelViewModel] Start all method is executed
2022-11-29 12:36:12.543 +01:00 [Information] [Bsci.FlowModulation.Services.SyringePump.SyringePumpService] Tracking infusion volume initialized : Pump1
2022-11-29 12:36:12.543 +01:00 [Information] [Bsci.FlowModulation.Services.SyringePump.SyringePumpService] Tracking infusion volume initialized : Pump2
2022-11-29 12:36:54.570 +01:00 [Information] [Bsci.FlowModulation.NavigationPanel.NavigationPanelViewModel] New data collection run identifier = "signal-divergence-test"
2022-11-29 12:36:54.601 +01:00 [Information] [Bsci.FlowModulation.Services.FFRLink.FFRLinkService] "SPM:FFR1" - "SPM:FFR1 - Starting Pressure Data Collection at 12:36:54.601"
2022-11-29 12:36:54.601 +01:00 [Information] [Bsci.FlowModulation.Services.FFRLink.FFRLinkService] "SPM:FFR1" - "SPM:FFR1 - Pressure Data Collection Thread Started"
2022-11-29 12:36:54.648 +01:00 [Information] [Bsci.FlowModulation.Services.FFRLink.FFRLinkService] "SPM:FFR2" - "SPM:FFR2 - Starting Pressure Data Collection at 12:36:54.648"
2022-11-29 12:36:54.648 +01:00 [Information] [Bsci.FlowModulation.Services.FFRLink.FFRLinkService] "SPM:FFR2" - "SPM:FFR2 - Pressure Data Collection Thread Started"
2022-11-29 12:36:54.679 +01:00 [Information] [Bsci.FlowModulation.Services.FFRLink.FFRLinkService] "SPM:FFR3" - "SPM:FFR3 - Starting Pressure Data Collection at 12:36:54.679"
2022-11-29 12:36:54.679 +01:00 [Information] [Bsci.FlowModulation.Services.FFRLink.FFRLinkService] "SPM:FFR3" - "SPM:FFR3 - Pressure Data Collection Thread Started"
2022-11-29 12:36:54.710 +01:00 [Information] [Bsci.FlowModulation.Services.FFRLink.FFRLinkService] "SPM:FFR4" - "SPM:FFR4 - Starting Pressure Data Collection at 12:36:54.710"
2022-11-29 12:36:54.710 +01:00 [Information] [Bsci.FlowModulation.Services.FFRLink.FFRLinkService] "SPM:FFR4" - "SPM:FFR4 - Pressure Data Collection Thread Started"
2022-11-29 12:36:54.710 +01:00 [Information] [Bsci.FlowModulation.NavigationPanel.NavigationPanelViewModel] Aggregation started...
2022-11-29 12:36:54.726 +01:00 [Information] [Bsci.FlowModulation.Services.SyringePump.SyringePumpService] Start logging infusion volume executed
2022-11-29 12:36:54.726 +01:00 [Information] [Bsci.FlowModulation.Services.FFRLink.FFRLinkService] "SPM:FFR1" - "SPM:FFR1 - Pressure Data Frame 0 recieved at 12:36:54.726"
2022-11-29 12:36:54.726 +01:00 [Information] [Bsci.FlowModulation.Services.Logging.LoggingService] Finalize log for : "pump1_infusion_volume"
2022-11-29 12:36:54.726 +01:00 [Information] [Bsci.FlowModulation.Services.Logging.LoggingService] Data file created for SyringePump "pump1_infusion_volume" = "signal-divergence-test_pump1_infusion_volume_2022-11-29_12-36-54_001.csv"
2022-11-29 12:36:54.726 +01:00 [Information] [Bsci.FlowModulation.Services.Logging.LoggingService] Finalize log for : "0080E1B8184F"
2022-11-29 12:36:54.726 +01:00 [Information] [Bsci.FlowModulation.Services.Logging.LoggingService] Finalize log for : "pump2_infusion_volume"
2022-11-29 12:36:54.726 +01:00 [Information] [Bsci.FlowModulation.Services.Logging.LoggingService] Data file created for SyringePump "pump2_infusion_volume" = "signal-divergence-test_pump2_infusion_volume_2022-11-29_12-36-54_001.csv"
2022-11-29 12:36:54.726 +01:00 [Information] [Bsci.FlowModulation.Services.Logging.LoggingService] Data file created for FFRLink "SPM:FFR1" = "signal-divergence-test_SPM_FFR1_2022-11-29_12-36-54_001.csv"
2022-11-29 12:36:54.773 +01:00 [Information] [Bsci.FlowModulation.Services.FFRLink.FFRLinkService] "SPM:FFR2" - "SPM:FFR2 - Pressure Data Frame 0 recieved at 12:36:54.773"
2022-11-29 12:36:54.773 +01:00 [Information] [Bsci.FlowModulation.Services.Logging.LoggingService] Finalize log for : "0080E1B7F0F1"
2022-11-29 12:36:54.774 +01:00 [Information] [Bsci.FlowModulation.Services.Logging.LoggingService] Data file created for FFRLink "SPM:FFR2" = "signal-divergence-test_SPM_FFR2_2022-11-29_12-36-54_001.csv"
2022-11-29 12:36:54.838 +01:00 [Information] [Bsci.FlowModulation.Services.FFRLink.FFRLinkService] "SPM:FFR4" - "SPM:FFR4 - Pressure Data Frame 0 recieved at 12:36:54.838"
2022-11-29 12:36:54.838 +01:00 [Information] [Bsci.FlowModulation.Services.Logging.LoggingService] Finalize log for : "0080E1B7F2CD"
2022-11-29 12:36:54.838 +01:00 [Information] [Bsci.FlowModulation.Services.Logging.LoggingService] Data file created for FFRLink "SPM:FFR4" = "signal-divergence-test_SPM_FFR4_2022-11-29_12-36-54_001.csv"
2022-11-29 12:36:54.869 +01:00 [Information] [Bsci.FlowModulation.Services.FFRLink.FFRLinkService] "SPM:FFR3" - "SPM:FFR3 - Pressure Data Frame 0 recieved at 12:36:54.869"
2022-11-29 12:36:54.869 +01:00 [Information] [Bsci.FlowModulation.Services.Logging.LoggingService] Finalize log for : "0080E1B742E5"
2022-11-29 12:36:54.869 +01:00 [Information] [Bsci.FlowModulation.Services.Logging.LoggingService] Data file created for FFRLink "SPM:FFR3" = "signal-divergence-test_SPM_FFR3_2022-11-29_12-36-54_001.csv"
2022-11-29 12:36:54.869 +01:00 [Information] [Bsci.FlowModulation.Services.DataAggregation.DataAggregationService] Aligning sensor buffers...
2022-11-29 12:36:54.869 +01:00 [Information] [Bsci.FlowModulation.Services.Logging.LoggingService] Finalize log for : "aggregated"
2022-11-29 12:36:54.869 +01:00 [Information] [Bsci.FlowModulation.Services.Logging.LoggingService] Data file created for Aggregated "aggregated" = "signal-divergence-test_aggregated_2022-11-29_12-36-54_001.csv"
2022-11-29 12:38:00.765 +01:00 [Information] [Bsci.FlowModulation.Services.FFRLink.FFRLinkService] "SPM:FFR2" - "SPM:FFR2 - Repeated Distal Pressure data received; Skipping"
2022-11-29 12:38:03.874 +01:00 [Information] [Bsci.FlowModulation.Services.FFRLink.FFRLinkService] "SPM:FFR3" - "SPM:FFR3 - Repeated Distal Pressure data received; Skipping"
2022-11-29 12:38:08.310 +01:00 [Information] [Bsci.FlowModulation.Services.FFRLink.FFRLinkService] "SPM:FFR1" - "SPM:FFR1 - Repeated Distal Pressure data received; Skipping"
2022-11-29 12:38:15.121 +01:00 [Information] [Bsci.FlowModulation.Services.FFRLink.FFRLinkService] "SPM:FFR4" - "SPM:FFR4 - Repeated Distal Pressure data received; Skipping"
2022-11-29 12:38:34.726 +01:00 [Information] [Bsci.FlowModulation.Services.FFRLink.FFRLinkService] "SPM:FFR1" - "SPM:FFR1 - Pressure Data Frame 1000 recieved at 12:38:34.726"
2022-11-29 12:38:34.757 +01:00 [Information] [Bsci.FlowModulation.Services.FFRLink.FFRLinkService] "SPM:FFR2" - "SPM:FFR2 - Pressure Data Frame 1000 recieved at 12:38:34.757"
2022-11-29 12:38:34.789 +01:00 [Information] [Bsci.FlowModulation.Services.FFRLink.FFRLinkService] "SPM:FFR3" - "SPM:FFR3 - Pressure Data Frame 1000 recieved at 12:38:34.789"
2022-11-29 12:38:34.835 +01:00 [Information] [Bsci.FlowModulation.Services.FFRLink.FFRLinkService] "SPM:FFR4" - "SPM:FFR4 - Pressure Data Frame 1000 recieved at 12:38:34.835"
2022-11-29 12:39:23.933 +01:00 [Information] [Bsci.FlowModulation.Services.FFRLink.FFRLinkService] "SPM:FFR1" - "SPM:FFR1 - Repeated Distal Pressure data received; Skipping"
2022-11-29 12:39:26.870 +01:00 [Information] [Bsci.FlowModulation.Services.FFRLink.FFRLinkService] "SPM:FFR2" - "SPM:FFR2 - Repeated Distal Pressure data received; Skipping"
2022-11-29 12:39:26.901 +01:00 [Information] [Bsci.FlowModulation.Services.FFRLink.FFRLinkService] "SPM:FFR3" - "SPM:FFR3 - Repeated Distal Pressure data received; Skipping"
2022-11-29 12:39:32.541 +01:00 [Information] [Bsci.FlowModulation.Services.FFRLink.FFRLinkService] "SPM:FFR4" - "SPM:FFR4 - Repeated Distal Pressure data received; Skipping"
2022-11-29 12:40:14.734 +01:00 [Information] [Bsci.FlowModulation.Services.FFRLink.FFRLinkService] "SPM:FFR1" - "SPM:FFR1 - Pressure Data Frame 2000 recieved at 12:40:14.734"
2022-11-29 12:40:14.781 +01:00 [Information] [Bsci.FlowModulation.Services.FFRLink.FFRLinkService] "SPM:FFR2" - "SPM:FFR2 - Pressure Data Frame 2000 recieved at 12:40:14.781"
2022-11-29 12:40:14.828 +01:00 [Information] [Bsci.FlowModulation.Services.FFRLink.FFRLinkService] "SPM:FFR3" - "SPM:FFR3 - Pressure Data Frame 2000 recieved at 12:40:14.828"
2022-11-29 12:40:14.843 +01:00 [Information] [Bsci.FlowModulation.Services.FFRLink.FFRLinkService] "SPM:FFR4" - "SPM:FFR4 - Pressure Data Frame 2000 recieved at 12:40:14.843"
2022-11-29 12:40:36.073 +01:00 [Information] [Bsci.FlowModulation.Services.FFRLink.FFRLinkService] "SPM:FFR2" - "SPM:FFR2 - Repeated Distal Pressure data received; Skipping"
2022-11-29 12:40:39.650 +01:00 [Information] [Bsci.FlowModulation.Services.FFRLink.FFRLinkService] "SPM:FFR1" - "SPM:FFR1 - Repeated Distal Pressure data received; Skipping"
2022-11-29 12:40:41.649 +01:00 [Information] [Bsci.FlowModulation.NavigationPanel.NavigationPanelViewModel] Settings page opened
2022-11-29 12:40:43.633 +01:00 [Information] [Bsci.FlowModulation.Services.FFRLink.FFRLinkService] "SPM:FFR3" - "SPM:FFR3 - Repeated Distal Pressure data received; Skipping"
2022-11-29 12:40:46.634 +01:00 [Information] [Bsci.FlowModulation.Settings.SettingsPageViewModel] Charts value changed : 12
2022-11-29 12:40:47.570 +01:00 [Information] [Bsci.FlowModulation.NavigationPanel.NavigationPanelViewModel] Settings page closed
2022-11-29 12:40:49.944 +01:00 [Information] [Bsci.FlowModulation.Services.FFRLink.FFRLinkService] "SPM:FFR4" - "SPM:FFR4 - Repeated Distal Pressure data received; Skipping"
2022-11-29 12:41:54.773 +01:00 [Information] [Bsci.FlowModulation.Services.FFRLink.FFRLinkService] "SPM:FFR1" - "SPM:FFR1 - Pressure Data Frame 3000 recieved at 12:41:54.773"
2022-11-29 12:41:54.804 +01:00 [Information] [Bsci.FlowModulation.Services.FFRLink.FFRLinkService] "SPM:FFR2" - "SPM:FFR2 - Pressure Data Frame 3000 recieved at 12:41:54.804"
2022-11-29 12:41:54.835 +01:00 [Information] [Bsci.FlowModulation.Services.FFRLink.FFRLinkService] "SPM:FFR3" - "SPM:FFR3 - Pressure Data Frame 3000 recieved at 12:41:54.835"
2022-11-29 12:41:54.867 +01:00 [Information] [Bsci.FlowModulation.Services.FFRLink.FFRLinkService] "SPM:FFR4" - "SPM:FFR4 - Pressure Data Frame 3000 recieved at 12:41:54.867"
2022-11-29 12:41:55.273 +01:00 [Information] [Bsci.FlowModulation.Services.FFRLink.FFRLinkService] "SPM:FFR1" - "SPM:FFR1 - Repeated Distal Pressure data received; Skipping"
2022-11-29 12:41:59.022 +01:00 [Information] [Bsci.FlowModulation.Services.FFRLink.FFRLinkService] "SPM:FFR2" - "SPM:FFR2 - Repeated Distal Pressure data received; Skipping"
2022-11-29 12:41:59.834 +01:00 [Information] [Bsci.FlowModulation.Services.FFRLink.FFRLinkService] "SPM:FFR3" - "SPM:FFR3 - Repeated Distal Pressure data received; Skipping"
2022-11-29 12:42:07.348 +01:00 [Information] [Bsci.FlowModulation.Services.FFRLink.FFRLinkService] "SPM:FFR4" - "SPM:FFR4 - Repeated Distal Pressure data received; Skipping"
2022-11-29 12:43:10.974 +01:00 [Information] [Bsci.FlowModulation.Services.FFRLink.FFRLinkService] "SPM:FFR1" - "SPM:FFR1 - Repeated Distal Pressure data received; Skipping"
2022-11-29 12:43:14.067 +01:00 [Information] [Bsci.FlowModulation.Services.FFRLink.FFRLinkService] "SPM:FFR3" - "SPM:FFR3 - Repeated Distal Pressure data received; Skipping"
2022-11-29 12:43:15.098 +01:00 [Information] [Bsci.FlowModulation.Services.FFRLink.FFRLinkService] "SPM:FFR2" - "SPM:FFR2 - Repeated Distal Pressure data received; Skipping"
2022-11-29 12:43:24.674 +01:00 [Information] [Bsci.FlowModulation.Services.FFRLink.FFRLinkService] "SPM:FFR4" - "SPM:FFR4 - Repeated Distal Pressure data received; Skipping"
2022-11-29 12:43:34.781 +01:00 [Information] [Bsci.FlowModulation.Services.FFRLink.FFRLinkService] "SPM:FFR1" - "SPM:FFR1 - Pressure Data Frame 4000 recieved at 12:43:34.781"
2022-11-29 12:43:34.828 +01:00 [Information] [Bsci.FlowModulation.Services.FFRLink.FFRLinkService] "SPM:FFR2" - "SPM:FFR2 - Pressure Data Frame 4000 recieved at 12:43:34.828"
2022-11-29 12:43:34.843 +01:00 [Information] [Bsci.FlowModulation.Services.FFRLink.FFRLinkService] "SPM:FFR3" - "SPM:FFR3 - Pressure Data Frame 4000 recieved at 12:43:34.843"
2022-11-29 12:43:34.890 +01:00 [Information] [Bsci.FlowModulation.Services.FFRLink.FFRLinkService] "SPM:FFR4" - "SPM:FFR4 - Pressure Data Frame 4000 recieved at 12:43:34.890"
2022-11-29 12:44:09.320 +01:00 [Information] [Bsci.FlowModulation.Services.FFRLink.FFRLinkService] "SPM:FFR1" - "SPM:FFR1 - Repeated Distal Pressure data received; Skipping"
2022-11-29 12:44:31.127 +01:00 [Information] [Bsci.FlowModulation.Services.FFRLink.FFRLinkService] "SPM:FFR2" - "SPM:FFR2 - Repeated Distal Pressure data received; Skipping"
2022-11-29 12:44:32.580 +01:00 [Information] [Bsci.FlowModulation.Services.FFRLink.FFRLinkService] "SPM:FFR3" - "SPM:FFR3 - Repeated Distal Pressure data received; Skipping"
2022-11-29 12:44:42.078 +01:00 [Information] [Bsci.FlowModulation.Services.FFRLink.FFRLinkService] "SPM:FFR4" - "SPM:FFR4 - Repeated Distal Pressure data received; Skipping"
2022-11-29 12:45:14.820 +01:00 [Information] [Bsci.FlowModulation.Services.FFRLink.FFRLinkService] "SPM:FFR1" - "SPM:FFR1 - Pressure Data Frame 5000 recieved at 12:45:14.820"
2022-11-29 12:45:14.820 +01:00 [Information] [Bsci.FlowModulation.Services.FFRLink.FFRLinkService] "SPM:FFR2" - "SPM:FFR2 - Pressure Data Frame 5000 recieved at 12:45:14.820"
2022-11-29 12:45:14.882 +01:00 [Information] [Bsci.FlowModulation.Services.FFRLink.FFRLinkService] "SPM:FFR3" - "SPM:FFR3 - Pressure Data Frame 5000 recieved at 12:45:14.882"
2022-11-29 12:45:14.898 +01:00 [Information] [Bsci.FlowModulation.Services.FFRLink.FFRLinkService] "SPM:FFR4" - "SPM:FFR4 - Pressure Data Frame 5000 recieved at 12:45:14.898"
2022-11-29 12:45:34.534 +01:00 [Information] [Bsci.FlowModulation.Services.FFRLink.FFRLinkService] "SPM:FFR2" - "SPM:FFR2 - Repeated Distal Pressure data received; Skipping"
2022-11-29 12:45:42.235 +01:00 [Information] [Bsci.FlowModulation.Services.FFRLink.FFRLinkService] "SPM:FFR1" - "SPM:FFR1 - Repeated Distal Pressure data received; Skipping"
2022-11-29 12:45:48.890 +01:00 [Information] [Bsci.FlowModulation.Services.FFRLink.FFRLinkService] "SPM:FFR3" - "SPM:FFR3 - Repeated Distal Pressure data received; Skipping"
2022-11-29 12:45:59.497 +01:00 [Information] [Bsci.FlowModulation.Services.FFRLink.FFRLinkService] "SPM:FFR4" - "SPM:FFR4 - Repeated Distal Pressure data received; Skipping"
2022-11-29 12:46:54.828 +01:00 [Information] [Bsci.FlowModulation.Services.FFRLink.FFRLinkService] "SPM:FFR1" - "SPM:FFR1 - Pressure Data Frame 6000 recieved at 12:46:54.828"
2022-11-29 12:46:54.843 +01:00 [Information] [Bsci.FlowModulation.Services.FFRLink.FFRLinkService] "SPM:FFR2" - "SPM:FFR2 - Pressure Data Frame 6000 recieved at 12:46:54.843"
2022-11-29 12:46:54.906 +01:00 [Information] [Bsci.FlowModulation.Services.FFRLink.FFRLinkService] "SPM:FFR4" - "SPM:FFR4 - Pressure Data Frame 6000 recieved at 12:46:54.906"
2022-11-29 12:46:54.921 +01:00 [Information] [Bsci.FlowModulation.Services.FFRLink.FFRLinkService] "SPM:FFR3" - "SPM:FFR3 - Pressure Data Frame 6000 recieved at 12:46:54.921"
2022-11-29 12:46:57.921 +01:00 [Information] [Bsci.FlowModulation.Services.FFRLink.FFRLinkService] "SPM:FFR1" - "SPM:FFR1 - Repeated Distal Pressure data received; Skipping"
2022-11-29 12:47:03.373 +01:00 [Information] [Bsci.FlowModulation.Services.FFRLink.FFRLinkService] "SPM:FFR2" - "SPM:FFR2 - Repeated Distal Pressure data received; Skipping"
2022-11-29 12:47:05.185 +01:00 [Information] [Bsci.FlowModulation.Services.FFRLink.FFRLinkService] "SPM:FFR3" - "SPM:FFR3 - Repeated Distal Pressure data received; Skipping"
2022-11-29 12:47:16.932 +01:00 [Information] [Bsci.FlowModulation.Services.FFRLink.FFRLinkService] "SPM:FFR4" - "SPM:FFR4 - Repeated Distal Pressure data received; Skipping"
2022-11-29 12:48:12.450 +01:00 [Information] [Bsci.FlowModulation.Services.FFRLink.FFRLinkService] "SPM:FFR1" - "SPM:FFR1 - Repeated Distal Pressure data received; Skipping"
2022-11-29 12:48:18.245 +01:00 [Information] [Bsci.FlowModulation.Services.FFRLink.FFRLinkService] "SPM:FFR2" - "SPM:FFR2 - Repeated Distal Pressure data received; Skipping"
2022-11-29 12:48:20.698 +01:00 [Information] [Bsci.FlowModulation.Services.FFRLink.FFRLinkService] "SPM:FFR3" - "SPM:FFR3 - Repeated Distal Pressure data received; Skipping"
2022-11-29 12:48:33.210 +01:00 [Information] [Bsci.FlowModulation.Services.FFRLink.FFRLinkService] "SPM:FFR4" - "SPM:FFR4 - Repeated Distal Pressure data received; Skipping"
2022-11-29 12:48:33.726 +01:00 [Information] [Bsci.FlowModulation.Services.FFRLink.FFRLinkService] "SPM:FFR1" - "SPM:FFR1 - Pressure Data Frame 7000 recieved at 12:48:33.726"
2022-11-29 12:48:33.757 +01:00 [Information] [Bsci.FlowModulation.Services.FFRLink.FFRLinkService] "SPM:FFR2" - "SPM:FFR2 - Pressure Data Frame 7000 recieved at 12:48:33.757"
2022-11-29 12:48:33.804 +01:00 [Information] [Bsci.FlowModulation.Services.FFRLink.FFRLinkService] "SPM:FFR3" - "SPM:FFR3 - Pressure Data Frame 7000 recieved at 12:48:33.804"
2022-11-29 12:48:33.820 +01:00 [Information] [Bsci.FlowModulation.Services.FFRLink.FFRLinkService] "SPM:FFR4" - "SPM:FFR4 - Pressure Data Frame 7000 recieved at 12:48:33.820"
2022-11-29 12:49:28.026 +01:00 [Information] [Bsci.FlowModulation.Services.FFRLink.FFRLinkService] "SPM:FFR1" - "SPM:FFR1 - Repeated Distal Pressure data received; Skipping"
2022-11-29 12:49:34.368 +01:00 [Information] [Bsci.FlowModulation.Services.FFRLink.FFRLinkService] "SPM:FFR2" - "SPM:FFR2 - Repeated Distal Pressure data received; Skipping"
2022-11-29 12:49:36.696 +01:00 [Information] [Bsci.FlowModulation.Services.FFRLink.FFRLinkService] "SPM:FFR3" - "SPM:FFR3 - Repeated Distal Pressure data received; Skipping"
2022-11-29 12:49:50.614 +01:00 [Information] [Bsci.FlowModulation.Services.FFRLink.FFRLinkService] "SPM:FFR4" - "SPM:FFR4 - Repeated Distal Pressure data received; Skipping"
2022-11-29 12:50:13.765 +01:00 [Information] [Bsci.FlowModulation.Services.FFRLink.FFRLinkService] "SPM:FFR1" - "SPM:FFR1 - Pressure Data Frame 8000 recieved at 12:50:13.765"
2022-11-29 12:50:13.781 +01:00 [Information] [Bsci.FlowModulation.Services.FFRLink.FFRLinkService] "SPM:FFR2" - "SPM:FFR2 - Pressure Data Frame 8000 recieved at 12:50:13.781"
2022-11-29 12:50:13.812 +01:00 [Information] [Bsci.FlowModulation.Services.FFRLink.FFRLinkService] "SPM:FFR3" - "SPM:FFR3 - Pressure Data Frame 8000 recieved at 12:50:13.812"
2022-11-29 12:50:13.828 +01:00 [Information] [Bsci.FlowModulation.Services.FFRLink.FFRLinkService] "SPM:FFR4" - "SPM:FFR4 - Pressure Data Frame 8000 recieved at 12:50:13.828"
2022-11-29 12:50:43.649 +01:00 [Information] [Bsci.FlowModulation.Services.FFRLink.FFRLinkService] "SPM:FFR1" - "SPM:FFR1 - Repeated Distal Pressure data received; Skipping"
2022-11-29 12:50:50.491 +01:00 [Information] [Bsci.FlowModulation.Services.FFRLink.FFRLinkService] "SPM:FFR2" - "SPM:FFR2 - Repeated Distal Pressure data received; Skipping"
2022-11-29 12:50:53.037 +01:00 [Information] [Bsci.FlowModulation.Services.FFRLink.FFRLinkService] "SPM:FFR3" - "SPM:FFR3 - Repeated Distal Pressure data received; Skipping"
2022-11-29 12:51:08.049 +01:00 [Information] [Bsci.FlowModulation.Services.FFRLink.FFRLinkService] "SPM:FFR4" - "SPM:FFR4 - Repeated Distal Pressure data received; Skipping"
2022-11-29 12:51:53.789 +01:00 [Information] [Bsci.FlowModulation.Services.FFRLink.FFRLinkService] "SPM:FFR1" - "SPM:FFR1 - Pressure Data Frame 9000 recieved at 12:51:53.789"
2022-11-29 12:51:53.789 +01:00 [Information] [Bsci.FlowModulation.Services.FFRLink.FFRLinkService] "SPM:FFR2" - "SPM:FFR2 - Pressure Data Frame 9000 recieved at 12:51:53.789"
2022-11-29 12:51:53.820 +01:00 [Information] [Bsci.FlowModulation.Services.FFRLink.FFRLinkService] "SPM:FFR3" - "SPM:FFR3 - Pressure Data Frame 9000 recieved at 12:51:53.820"
2022-11-29 12:51:53.851 +01:00 [Information] [Bsci.FlowModulation.Services.FFRLink.FFRLinkService] "SPM:FFR4" - "SPM:FFR4 - Pressure Data Frame 9000 recieved at 12:51:53.851"
2022-11-29 12:51:59.381 +01:00 [Information] [Bsci.FlowModulation.Services.FFRLink.FFRLinkService] "SPM:FFR1" - "SPM:FFR1 - Repeated Distal Pressure data received; Skipping"
2022-11-29 12:52:06.332 +01:00 [Information] [Bsci.FlowModulation.Services.FFRLink.FFRLinkService] "SPM:FFR3" - "SPM:FFR3 - Repeated Distal Pressure data received; Skipping"
2022-11-29 12:52:06.504 +01:00 [Information] [Bsci.FlowModulation.Services.FFRLink.FFRLinkService] "SPM:FFR2" - "SPM:FFR2 - Repeated Distal Pressure data received; Skipping"
2022-11-29 12:52:12.362 +01:00 [Information] [Bsci.FlowModulation.Services.FFRLink.FFRLinkService] "SPM:FFR3" - "SPM:FFR3 - Repeated Distal Pressure data received; Skipping"
2022-11-29 12:52:25.468 +01:00 [Information] [Bsci.FlowModulation.Services.FFRLink.FFRLinkService] "SPM:FFR4" - "SPM:FFR4 - Repeated Distal Pressure data received; Skipping"
2022-11-29 12:53:14.988 +01:00 [Information] [Bsci.FlowModulation.Services.FFRLink.FFRLinkService] "SPM:FFR1" - "SPM:FFR1 - Repeated Distal Pressure data received; Skipping"
2022-11-29 12:53:22.643 +01:00 [Information] [Bsci.FlowModulation.Services.FFRLink.FFRLinkService] "SPM:FFR2" - "SPM:FFR2 - Repeated Distal Pressure data received; Skipping"
2022-11-29 12:53:33.812 +01:00 [Information] [Bsci.FlowModulation.Services.FFRLink.FFRLinkService] "SPM:FFR2" - "SPM:FFR2 - Pressure Data Frame 10000 recieved at 12:53:33.812"
2022-11-29 12:53:33.828 +01:00 [Information] [Bsci.FlowModulation.Services.FFRLink.FFRLinkService] "SPM:FFR1" - "SPM:FFR1 - Pressure Data Frame 10000 recieved at 12:53:33.828"
2022-11-29 12:53:33.859 +01:00 [Information] [Bsci.FlowModulation.Services.FFRLink.FFRLinkService] "SPM:FFR3" - "SPM:FFR3 - Pressure Data Frame 10000 recieved at 12:53:33.859"
2022-11-29 12:53:33.874 +01:00 [Information] [Bsci.FlowModulation.Services.FFRLink.FFRLinkService] "SPM:FFR4" - "SPM:FFR4 - Pressure Data Frame 10000 recieved at 12:53:33.874"
2022-11-29 12:53:42.857 +01:00 [Information] [Bsci.FlowModulation.Services.FFRLink.FFRLinkService] "SPM:FFR4" - "SPM:FFR4 - Repeated Distal Pressure data received; Skipping"
2022-11-29 12:54:30.598 +01:00 [Information] [Bsci.FlowModulation.Services.FFRLink.FFRLinkService] "SPM:FFR1" - "SPM:FFR1 - Repeated Distal Pressure data received; Skipping"
2022-11-29 12:54:38.721 +01:00 [Information] [Bsci.FlowModulation.Services.FFRLink.FFRLinkService] "SPM:FFR2" - "SPM:FFR2 - Repeated Distal Pressure data received; Skipping"
2022-11-29 12:54:41.955 +01:00 [Information] [Bsci.FlowModulation.Services.FFRLink.FFRLinkService] "SPM:FFR3" - "SPM:FFR3 - Repeated Distal Pressure data received; Skipping"
2022-11-29 12:55:00.263 +01:00 [Information] [Bsci.FlowModulation.Services.FFRLink.FFRLinkService] "SPM:FFR4" - "SPM:FFR4 - Repeated Distal Pressure data received; Skipping"
2022-11-29 12:55:13.791 +01:00 [Information] [Bsci.FlowModulation.Services.FFRLink.FFRLinkService] "SPM:FFR1" - "SPM:FFR1 - Pressure Data Frame 11000 recieved at 12:55:13.791"
2022-11-29 12:55:13.838 +01:00 [Information] [Bsci.FlowModulation.Services.FFRLink.FFRLinkService] "SPM:FFR2" - "SPM:FFR2 - Pressure Data Frame 11000 recieved at 12:55:13.838"
2022-11-29 12:55:13.885 +01:00 [Information] [Bsci.FlowModulation.Services.FFRLink.FFRLinkService] "SPM:FFR3" - "SPM:FFR3 - Pressure Data Frame 11000 recieved at 12:55:13.885"
2022-11-29 12:55:13.963 +01:00 [Information] [Bsci.FlowModulation.Services.FFRLink.FFRLinkService] "SPM:FFR4" - "SPM:FFR4 - Pressure Data Frame 11000 recieved at 12:55:13.963"
2022-11-29 12:55:46.330 +01:00 [Information] [Bsci.FlowModulation.Services.FFRLink.FFRLinkService] "SPM:FFR1" - "SPM:FFR1 - Repeated Distal Pressure data received; Skipping"
2022-11-29 12:55:54.828 +01:00 [Information] [Bsci.FlowModulation.Services.FFRLink.FFRLinkService] "SPM:FFR2" - "SPM:FFR2 - Repeated Distal Pressure data received; Skipping"
2022-11-29 12:55:58.265 +01:00 [Information] [Bsci.FlowModulation.Services.FFRLink.FFRLinkService] "SPM:FFR3" - "SPM:FFR3 - Repeated Distal Pressure data received; Skipping"
2022-11-29 12:56:17.604 +01:00 [Information] [Bsci.FlowModulation.Services.FFRLink.FFRLinkService] "SPM:FFR4" - "SPM:FFR4 - Repeated Distal Pressure data received; Skipping"
2022-11-29 12:56:53.846 +01:00 [Information] [Bsci.FlowModulation.Services.FFRLink.FFRLinkService] "SPM:FFR1" - "SPM:FFR1 - Pressure Data Frame 12000 recieved at 12:56:53.846"
2022-11-29 12:56:53.846 +01:00 [Information] [Bsci.FlowModulation.Services.FFRLink.FFRLinkService] "SPM:FFR2" - "SPM:FFR2 - Pressure Data Frame 12000 recieved at 12:56:53.846"
2022-11-29 12:56:53.893 +01:00 [Information] [Bsci.FlowModulation.Services.FFRLink.FFRLinkService] "SPM:FFR3" - "SPM:FFR3 - Pressure Data Frame 12000 recieved at 12:56:53.893"
2022-11-29 12:56:53.908 +01:00 [Information] [Bsci.FlowModulation.Services.FFRLink.FFRLinkService] "SPM:FFR4" - "SPM:FFR4 - Pressure Data Frame 12000 recieved at 12:56:53.908"
2022-11-29 12:57:01.922 +01:00 [Information] [Bsci.FlowModulation.Services.FFRLink.FFRLinkService] "SPM:FFR1" - "SPM:FFR1 - Repeated Distal Pressure data received; Skipping"
2022-11-29 12:57:10.858 +01:00 [Information] [Bsci.FlowModulation.Services.FFRLink.FFRLinkService] "SPM:FFR2" - "SPM:FFR2 - Repeated Distal Pressure data received; Skipping"
2022-11-29 12:57:14.685 +01:00 [Information] [Bsci.FlowModulation.Services.FFRLink.FFRLinkService] "SPM:FFR3" - "SPM:FFR3 - Repeated Distal Pressure data received; Skipping"
2022-11-29 12:57:35.008 +01:00 [Information] [Bsci.FlowModulation.Services.FFRLink.FFRLinkService] "SPM:FFR4" - "SPM:FFR4 - Repeated Distal Pressure data received; Skipping"
2022-11-29 12:57:43.990 +01:00 [Information] [Bsci.FlowModulation.Services.Logging.LoggingService] Finalize log for : "aggregated"
2022-11-29 12:57:43.990 +01:00 [Information] [Bsci.FlowModulation.Services.Logging.LoggingService] Data file created for Aggregated "aggregated" = "signal-divergence-test_aggregated_2022-11-29_12-36-54_002.csv"
2022-11-29 12:58:17.529 +01:00 [Information] [Bsci.FlowModulation.Services.FFRLink.FFRLinkService] "SPM:FFR1" - "SPM:FFR1 - Repeated Distal Pressure data received; Skipping"
2022-11-29 12:58:26.996 +01:00 [Information] [Bsci.FlowModulation.Services.FFRLink.FFRLinkService] "SPM:FFR2" - "SPM:FFR2 - Repeated Distal Pressure data received; Skipping"
2022-11-29 12:58:31.026 +01:00 [Information] [Bsci.FlowModulation.Services.FFRLink.FFRLinkService] "SPM:FFR3" - "SPM:FFR3 - Repeated Distal Pressure data received; Skipping"
2022-11-29 12:58:33.838 +01:00 [Information] [Bsci.FlowModulation.Services.FFRLink.FFRLinkService] "SPM:FFR1" - "SPM:FFR1 - Pressure Data Frame 13000 recieved at 12:58:33.838"
2022-11-29 12:58:33.901 +01:00 [Information] [Bsci.FlowModulation.Services.FFRLink.FFRLinkService] "SPM:FFR2" - "SPM:FFR2 - Pressure Data Frame 13000 recieved at 12:58:33.901"
2022-11-29 12:58:33.901 +01:00 [Information] [Bsci.FlowModulation.Services.FFRLink.FFRLinkService] "SPM:FFR4" - "SPM:FFR4 - Pressure Data Frame 13000 recieved at 12:58:33.901"
2022-11-29 12:58:33.916 +01:00 [Information] [Bsci.FlowModulation.Services.FFRLink.FFRLinkService] "SPM:FFR3" - "SPM:FFR3 - Pressure Data Frame 13000 recieved at 12:58:33.916"
2022-11-29 12:58:52.428 +01:00 [Information] [Bsci.FlowModulation.Services.FFRLink.FFRLinkService] "SPM:FFR4" - "SPM:FFR4 - Repeated Distal Pressure data received; Skipping"
2022-11-29 12:59:16.875 +01:00 [Information] [Bsci.FlowModulation.Services.FFRLink.FFRLinkService] "SPM:FFR1" - "SPM:FFR1 - Repeated Distal Pressure data received; Skipping"
2022-11-29 12:59:43.103 +01:00 [Information] [Bsci.FlowModulation.Services.FFRLink.FFRLinkService] "SPM:FFR2" - "SPM:FFR2 - Repeated Distal Pressure data received; Skipping"
2022-11-29 12:59:47.305 +01:00 [Information] [Bsci.FlowModulation.Services.FFRLink.FFRLinkService] "SPM:FFR3" - "SPM:FFR3 - Repeated Distal Pressure data received; Skipping"
2022-11-29 13:00:09.831 +01:00 [Information] [Bsci.FlowModulation.Services.FFRLink.FFRLinkService] "SPM:FFR4" - "SPM:FFR4 - Repeated Distal Pressure data received; Skipping"
2022-11-29 13:00:13.877 +01:00 [Information] [Bsci.FlowModulation.Services.FFRLink.FFRLinkService] "SPM:FFR1" - "SPM:FFR1 - Pressure Data Frame 14000 recieved at 13:00:13.877"
2022-11-29 13:00:13.893 +01:00 [Information] [Bsci.FlowModulation.Services.FFRLink.FFRLinkService] "SPM:FFR2" - "SPM:FFR2 - Pressure Data Frame 14000 recieved at 13:00:13.893"
2022-11-29 13:00:13.924 +01:00 [Information] [Bsci.FlowModulation.Services.FFRLink.FFRLinkService] "SPM:FFR3" - "SPM:FFR3 - Pressure Data Frame 14000 recieved at 13:00:13.924"
2022-11-29 13:00:13.940 +01:00 [Information] [Bsci.FlowModulation.Services.FFRLink.FFRLinkService] "SPM:FFR4" - "SPM:FFR4 - Pressure Data Frame 14000 recieved at 13:00:13.940"
2022-11-29 13:00:48.869 +01:00 [Information] [Bsci.FlowModulation.Services.FFRLink.FFRLinkService] "SPM:FFR1" - "SPM:FFR1 - Repeated Distal Pressure data received; Skipping"
2022-11-29 13:00:59.101 +01:00 [Information] [Bsci.FlowModulation.Services.FFRLink.FFRLinkService] "SPM:FFR2" - "SPM:FFR2 - Repeated Distal Pressure data received; Skipping"
2022-11-29 13:01:03.631 +01:00 [Information] [Bsci.FlowModulation.Services.FFRLink.FFRLinkService] "SPM:FFR3" - "SPM:FFR3 - Repeated Distal Pressure data received; Skipping"
2022-11-29 13:01:27.251 +01:00 [Information] [Bsci.FlowModulation.Services.FFRLink.FFRLinkService] "SPM:FFR4" - "SPM:FFR4 - Repeated Distal Pressure data received; Skipping"
2022-11-29 13:01:53.885 +01:00 [Information] [Bsci.FlowModulation.Services.FFRLink.FFRLinkService] "SPM:FFR1" - "SPM:FFR1 - Pressure Data Frame 15000 recieved at 13:01:53.885"
2022-11-29 13:01:53.916 +01:00 [Information] [Bsci.FlowModulation.Services.FFRLink.FFRLinkService] "SPM:FFR2" - "SPM:FFR2 - Pressure Data Frame 15000 recieved at 13:01:53.916"
2022-11-29 13:01:53.947 +01:00 [Information] [Bsci.FlowModulation.Services.FFRLink.FFRLinkService] "SPM:FFR3" - "SPM:FFR3 - Pressure Data Frame 15000 recieved at 13:01:53.947"
2022-11-29 13:01:53.947 +01:00 [Information] [Bsci.FlowModulation.Services.FFRLink.FFRLinkService] "SPM:FFR4" - "SPM:FFR4 - Pressure Data Frame 15000 recieved at 13:01:53.947"
2022-11-29 13:02:04.992 +01:00 [Information] [Bsci.FlowModulation.Services.FFRLink.FFRLinkService] "SPM:FFR1" - "SPM:FFR1 - Repeated Distal Pressure data received; Skipping"
2022-11-29 13:02:15.521 +01:00 [Information] [Bsci.FlowModulation.Services.FFRLink.FFRLinkService] "SPM:FFR2" - "SPM:FFR2 - Repeated Distal Pressure data received; Skipping"
2022-11-29 13:02:19.973 +01:00 [Information] [Bsci.FlowModulation.Services.FFRLink.FFRLinkService] "SPM:FFR3" - "SPM:FFR3 - Repeated Distal Pressure data received; Skipping"
2022-11-29 13:02:44.670 +01:00 [Information] [Bsci.FlowModulation.Services.FFRLink.FFRLinkService] "SPM:FFR4" - "SPM:FFR4 - Repeated Distal Pressure data received; Skipping"
2022-11-29 13:03:20.224 +01:00 [Information] [Bsci.FlowModulation.Services.FFRLink.FFRLinkService] "SPM:FFR1" - "SPM:FFR1 - Repeated Distal Pressure data received; Skipping"
2022-11-29 13:03:31.347 +01:00 [Information] [Bsci.FlowModulation.Services.FFRLink.FFRLinkService] "SPM:FFR2" - "SPM:FFR2 - Repeated Distal Pressure data received; Skipping"
2022-11-29 13:03:33.908 +01:00 [Information] [Bsci.FlowModulation.Services.FFRLink.FFRLinkService] "SPM:FFR1" - "SPM:FFR1 - Pressure Data Frame 16000 recieved at 13:03:33.908"
2022-11-29 13:03:33.955 +01:00 [Information] [Bsci.FlowModulation.Services.FFRLink.FFRLinkService] "SPM:FFR2" - "SPM:FFR2 - Pressure Data Frame 16000 recieved at 13:03:33.955"
2022-11-29 13:03:33.987 +01:00 [Information] [Bsci.FlowModulation.Services.FFRLink.FFRLinkService] "SPM:FFR4" - "SPM:FFR4 - Pressure Data Frame 16000 recieved at 13:03:33.987"
2022-11-29 13:03:33.987 +01:00 [Information] [Bsci.FlowModulation.Services.FFRLink.FFRLinkService] "SPM:FFR3" - "SPM:FFR3 - Pressure Data Frame 16000 recieved at 13:03:33.987"
2022-11-29 13:03:36.267 +01:00 [Information] [Bsci.FlowModulation.Services.FFRLink.FFRLinkService] "SPM:FFR3" - "SPM:FFR3 - Repeated Distal Pressure data received; Skipping"
2022-11-29 13:04:02.058 +01:00 [Information] [Bsci.FlowModulation.Services.FFRLink.FFRLinkService] "SPM:FFR4" - "SPM:FFR4 - Repeated Distal Pressure data received; Skipping"
2022-11-29 13:04:35.816 +01:00 [Information] [Bsci.FlowModulation.Services.FFRLink.FFRLinkService] "SPM:FFR1" - "SPM:FFR1 - Repeated Distal Pressure data received; Skipping"
2022-11-29 13:04:47.344 +01:00 [Information] [Bsci.FlowModulation.Services.FFRLink.FFRLinkService] "SPM:FFR2" - "SPM:FFR2 - Repeated Distal Pressure data received; Skipping"
2022-11-29 13:04:49.969 +01:00 [Information] [Bsci.FlowModulation.NavigationPanel.NavigationPanelViewModel] Stop all method is executed
2022-11-29 13:04:49.969 +01:00 [Information] [Bsci.FlowModulation.Services.FFRLink.FFRLinkService] "SPM:FFR1" - "SPM:FFR1 - Stopping Data Collection..."
2022-11-29 13:04:50.000 +01:00 [Information] [Bsci.FlowModulation.Services.FFRLink.FFRLinkService] "SPM:FFR1" - "SPM:FFR1 - Data Collection Stopped"
2022-11-29 13:04:50.000 +01:00 [Information] [Bsci.FlowModulation.Services.FFRLink.FFRLinkService] "SPM:FFR2" - "SPM:FFR2 - Stopping Data Collection..."
2022-11-29 13:04:50.031 +01:00 [Information] [Bsci.FlowModulation.Services.FFRLink.FFRLinkService] "SPM:FFR2" - "SPM:FFR2 - Data Collection Stopped"
2022-11-29 13:04:50.031 +01:00 [Information] [Bsci.FlowModulation.Services.FFRLink.FFRLinkService] "SPM:FFR3" - "SPM:FFR3 - Stopping Data Collection..."
2022-11-29 13:04:50.062 +01:00 [Information] [Bsci.FlowModulation.Services.FFRLink.FFRLinkService] "SPM:FFR3" - "SPM:FFR3 - Data Collection Stopped"
2022-11-29 13:04:50.062 +01:00 [Information] [Bsci.FlowModulation.Services.FFRLink.FFRLinkService] "SPM:FFR4" - "SPM:FFR4 - Stopping Data Collection..."
2022-11-29 13:04:50.094 +01:00 [Information] [Bsci.FlowModulation.Services.FFRLink.FFRLinkService] "SPM:FFR4" - "SPM:FFR4 - Data Collection Stopped"
2022-11-29 13:04:50.094 +01:00 [Information] [Bsci.FlowModulation.NavigationPanel.NavigationPanelViewModel] Aggregation stopped...
2022-11-29 13:04:50.094 +01:00 [Information] [Bsci.FlowModulation.Services.SyringePump.SyringePumpService] Stop logging infusion volume executed
2022-11-29 13:06:12.217 +01:00 [Information] [Bsci.FlowModulation.Services.FFRLink.FFRLinkService] "SPM:FFR1" - "SPM:FFR1 - Terminating..."
2022-11-29 13:06:12.217 +01:00 [Information] [Bsci.FlowModulation.Services.FFRLink.FFRLinkService] "SPM:FFR1" - "SPM:FFR1 - SPM Disconnect is requested."
2022-11-29 13:06:12.233 +01:00 [Information] [Bsci.FlowModulation.Services.FFRLink.FFRLinkService] "SPM:FFR2" - "SPM:FFR2 - Terminating..."
2022-11-29 13:06:12.233 +01:00 [Information] [Bsci.FlowModulation.Services.FFRLink.FFRLinkService] "SPM:FFR2" - "SPM:FFR2 - SPM Disconnect is requested."
2022-11-29 13:06:12.248 +01:00 [Information] [Bsci.FlowModulation.Services.FFRLink.FFRLinkService] "SPM:FFR3" - "SPM:FFR3 - Terminating..."
2022-11-29 13:06:12.248 +01:00 [Information] [Bsci.FlowModulation.Services.FFRLink.FFRLinkService] "SPM:FFR3" - "SPM:FFR3 - SPM Disconnect is requested."
2022-11-29 13:06:12.264 +01:00 [Information] [Bsci.FlowModulation.Services.FFRLink.FFRLinkService] "SPM:FFR4" - "SPM:FFR4 - Terminating..."
2022-11-29 13:06:12.264 +01:00 [Information] [Bsci.FlowModulation.Services.FFRLink.FFRLinkService] "SPM:FFR4" - "SPM:FFR4 - SPM Disconnect is requested."
2022-11-29 13:06:12.279 +01:00 [Information] [] Application closed
